\BOOKMARK [0][-]{chapter*.1}{Table of Contents}{}% 1
\BOOKMARK [0][-]{chapter.1}{Introduction}{}% 2
\BOOKMARK [1][-]{section.1.1}{Objectives}{chapter.1}% 3
\BOOKMARK [1][-]{section.1.2}{System description}{chapter.1}% 4
\BOOKMARK [1][-]{section.1.3}{System modeling}{chapter.1}% 5
\BOOKMARK [1][-]{section.1.4}{System explanation}{chapter.1}% 6
\BOOKMARK [2][-]{subsection.1.4.1}{Analysis}{section.1.4}% 7
\BOOKMARK [2][-]{subsection.1.4.2}{Simulation}{section.1.4}% 8
\BOOKMARK [2][-]{subsection.1.4.3}{Optimization or control}{section.1.4}% 9
\BOOKMARK [2][-]{subsection.1.4.4}{Visualization}{section.1.4}% 10
\BOOKMARK [0][-]{chapter.2}{Modeling}{}% 11
\BOOKMARK [1][-]{section.2.1}{Objectives}{chapter.2}% 12
\BOOKMARK [1][-]{section.2.2}{Derivation of partial differential equations}{chapter.2}% 13
\BOOKMARK [2][-]{subsection.2.2.1}{2D wave equation}{section.2.2}% 14
\BOOKMARK [2][-]{subsection.2.2.2}{2D heat diffusion}{section.2.2}% 15
\BOOKMARK [2][-]{subsection.2.2.3}{2D random walk}{section.2.2}% 16
\BOOKMARK [2][-]{subsection.2.2.4}{Heavy chain}{section.2.2}% 17
\BOOKMARK [1][-]{section.2.3}{Manipulation of partial differential equations}{chapter.2}% 18
\BOOKMARK [2][-]{subsection.2.3.1}{Weak formulation}{section.2.3}% 19
\BOOKMARK [0][-]{chapter.3}{Simulation}{}% 20
\BOOKMARK [1][-]{section.3.1}{Objectives}{chapter.3}% 21
\BOOKMARK [1][-]{section.3.2}{Simulation examples}{chapter.3}% 22
\BOOKMARK [2][-]{subsection.3.2.1}{Forward Euler simulation of the 1D heat equation}{section.3.2}% 23
\BOOKMARK [2][-]{subsection.3.2.2}{1D vibrating string simulation}{section.3.2}% 24
\BOOKMARK [2][-]{subsection.3.2.3}{1D traffic simulation}{section.3.2}% 25
\BOOKMARK [2][-]{subsection.3.2.4}{Random walk in 2D simulation}{section.3.2}% 26
\BOOKMARK [0][-]{chapter.4}{Control and optimization}{}% 27
\BOOKMARK [1][-]{section.4.1}{Objectives}{chapter.4}% 28
\BOOKMARK [1][-]{section.4.2}{Tools and examples}{chapter.4}% 29
\BOOKMARK [2][-]{subsection.4.2.1}{Kalman filter}{section.4.2}% 30
\BOOKMARK [2][-]{subsection.4.2.2}{PID control}{section.4.2}% 31
\BOOKMARK [2][-]{subsection.4.2.3}{Adjoint optimization}{section.4.2}% 32
